2024-12-18 08:48:10,513 - INFO - 
╔════════════════════════════════════════╗
║     Hagelskott Development Environment ║
╚════════════════════════════════════════╝
        
2024-12-18 08:48:10,514 - INFO - Performing system checks...
2024-12-18 08:58:00,064 - INFO - 
╔════════════════════════════════════════╗
║     Hagelskott Development Environment ║
╚════════════════════════════════════════╝
        
2024-12-18 08:58:00,064 - INFO - Performing system checks...
2024-12-18 09:03:31,203 - INFO - 
╔════════════════════════════════════════╗
║     Hagelskott Development Environment ║
╚════════════════════════════════════════╝
        
2024-12-18 09:03:31,203 - INFO - Performing system checks...
2024-12-18 09:07:16,409 - INFO - 
╔════════════════════════════════════════╗
║     Hagelskott Development Environment ║
╚════════════════════════════════════════╝
        
2024-12-18 09:07:16,409 - INFO - Performing system checks...
2024-12-18 09:31:33,684 - INFO - 
╔════════════════════════════════════════╗
║     Hagelskott Development Environment ║
╚════════════════════════════════════════╝
        
2024-12-18 09:31:33,684 - INFO - Performing system checks...
2024-12-18 09:46:25,705 - INFO - 
╔════════════════════════════════════════╗
║     Hagelskott Development Environment ║
╚════════════════════════════════════════╝
        
2024-12-18 09:46:25,705 - INFO - Performing system checks...
2024-12-18 09:49:58,542 - INFO - 
╔════════════════════════════════════════╗
║     Hagelskott Development Environment ║
╚════════════════════════════════════════╝
        
2024-12-18 09:49:58,542 - INFO - Performing system checks...
2024-12-18 09:54:53,698 - INFO - 
╔════════════════════════════════════════╗
║     Hagelskott Development Environment ║
╚════════════════════════════════════════╝
        
2024-12-18 09:54:53,698 - INFO - Performing system checks...
2024-12-18 10:09:29,770 - INFO - 
╔════════════════════════════════════════╗
║     Hagelskott Development Environment ║
╚════════════════════════════════════════╝
        
2024-12-18 10:09:29,771 - INFO - Performing system checks...
2024-12-18 10:13:21,998 - INFO - 
╔════════════════════════════════════════╗
║     Hagelskott Development Environment ║
╚════════════════════════════════════════╝
        
2024-12-18 10:13:21,999 - INFO - Performing system checks...
2024-12-18 10:54:01,521 - INFO - 
╔════════════════════════════════════════╗
║     Hagelskott Development Environment ║
╚════════════════════════════════════════╝
        
2024-12-18 10:54:01,522 - INFO - Performing system checks...
2024-12-18 11:00:45,831 - INFO - 
╔════════════════════════════════════════╗
║     Hagelskott Development Environment ║
╚════════════════════════════════════════╝
        
2024-12-18 11:00:45,831 - INFO - Performing system checks...
2024-12-18 11:04:05,964 - INFO - 
╔════════════════════════════════════════╗
║     Hagelskott Development Environment ║
╚════════════════════════════════════════╝
        
2024-12-18 11:04:05,965 - INFO - Performing system checks...
2024-12-18 11:06:51,774 - INFO - 
╔════════════════════════════════════════╗
║     Hagelskott Development Environment ║
╚════════════════════════════════════════╝
        
2024-12-18 11:06:51,774 - INFO - Performing system checks...
2024-12-18 11:09:32,845 - INFO - Startar utvecklingsmiljön...
2024-12-18 11:09:43,948 - INFO - 
╔════════════════════════════════════════╗
║     Hagelskott Development Environment ║
╚════════════════════════════════════════╝
        
2024-12-18 11:09:43,948 - INFO - Performing system checks...
2024-12-18 12:15:04,638 - INFO - 
╔════════════════════════════════════════╗
║     Hagelskott Development Environment ║
║            Starting Services           ║
╚════════════════════════════════════════╝
        
2024-12-18 12:21:09,598 - INFO - 
╔════════════════════════════════════════╗
║     Hagelskott Development Environment ║
║            Starting Services           ║
╚════════════════════════════════════════╝
        
2024-12-18 12:24:15,377 - INFO - 
╔════════════════════════════════════════╗
║     Hagelskott Development Environment ║
║            Starting Services           ║
╚════════════════════════════════════════╝
        
2024-12-18 12:30:21,504 - INFO - 
╔════════════════════════════════════════╗
║     Hagelskott Development Environment ║
║            Starting Services           ║
╚════════════════════════════════════════╝
        
2024-12-18 12:37:00,845 - INFO - 
╔════════════════════════════════════════╗
║     Hagelskott Development Environment ║
║            Starting Services           ║
╚════════════════════════════════════════╝
        
2024-12-18 12:38:13,263 - INFO - 
╔════════════════════════════════════════╗
║     Hagelskott Development Environment ║
║            Starting Services           ║
╚════════════════════════════════════════╝
        
2024-12-18 12:42:54,784 - INFO - 
╔════════════════════════════════════════╗
║     Hagelskott Development Environment ║
║            Starting Services           ║
╚════════════════════════════════════════╝
        
2024-12-18 12:45:46,256 - INFO - 
╔════════════════════════════════════════╗
║     Hagelskott Development Environment ║
║            Starting Services           ║
╚════════════════════════════════════════╝
        
2024-12-18 12:52:53,972 - INFO - 
╔════════════════════════════════════════╗
║     Hagelskott Development Environment ║
║            Starting Services           ║
╚════════════════════════════════════════╝
        
2024-12-18 12:59:39,990 - INFO - 
╔════════════════════════════════════════╗
║     Hagelskott Development Environment ║
║            Starting Services           ║
╚════════════════════════════════════════╝
        
2024-12-18 13:01:28,127 - INFO - 
╔════════════════════════════════════════╗
║     Hagelskott Development Environment ║
║            Starting Services           ║
╚════════════════════════════════════════╝
        
2024-12-18 13:14:59,866 - INFO - 
╔════════════════════════════════════════╗
║     Hagelskott Development Environment ║
║            Starting Services           ║
╚════════════════════════════════════════╝
        
2024-12-18 13:24:15,752 - INFO - 
╔════════════════════════════════════════╗
║     Hagelskott Development Environment ║
║            Starting Services           ║
╚════════════════════════════════════════╝
        
2024-12-18 13:28:41,892 - INFO - 
╔════════════════════════════════════════╗
║     Hagelskott Development Environment ║
║            Starting Services           ║
╚════════════════════════════════════════╝
        
